<?xml version="1.0" encoding="UTF-8"?>
<testng-results ignored="0" total="1" passed="1" failed="0" skipped="0">
  <reporter-output>
  </reporter-output>
  <suite started-at="2021-07-21T12:46:12 IST" name="Default suite" finished-at="2021-07-21T12:46:47 IST" duration-ms="34831">
    <groups>
    </groups>
    <test started-at="2021-07-21T12:46:12 IST" name="Default test" finished-at="2021-07-21T12:46:47 IST" duration-ms="34831">
      <class name="login.TC_existinguser_04">
        <test-method is-config="true" signature="setUp()[pri:0, instance:login.TC_existinguser_04@1cbbffcd]" started-at="2021-07-21T12:46:12 IST" name="setUp" finished-at="2021-07-21T12:46:20 IST" duration-ms="7731" status="PASS">
          <reporter-output>
          </reporter-output>
        </test-method> <!-- setUp -->
        <test-method signature="invalid_login(java.lang.String,java.lang.String)[pri:0, instance:login.TC_existinguser_04@1cbbffcd]" started-at="2021-07-21T12:46:22 IST" name="invalid_login" description="It will not login" data-provider="LoginDataInputFromExcel" finished-at="2021-07-21T12:46:45 IST" duration-ms="23096" status="PASS">
          <params>
            <param index="0">
              <value>
                <![CDATA[suryarajan361@gmail.com]]>
              </value>
            </param>
            <param index="1">
              <value>
                <![CDATA[Feb-15]]>
              </value>
            </param>
          </params>
          <reporter-output>
          </reporter-output>
        </test-method> <!-- invalid_login -->
        <test-method is-config="true" signature="tearDown()[pri:0, instance:login.TC_existinguser_04@1cbbffcd]" started-at="2021-07-21T12:46:45 IST" name="tearDown" finished-at="2021-07-21T12:46:47 IST" duration-ms="2239" status="PASS">
          <reporter-output>
          </reporter-output>
        </test-method> <!-- tearDown -->
      </class> <!-- login.TC_existinguser_04 -->
    </test> <!-- Default test -->
  </suite> <!-- Default suite -->
</testng-results>
